<?xml version="1.0" encoding="UTF-8"?>
<!-- Generated by org.testng.reporters.JUnitReportReporter -->
<testsuite skipped="0" hostname="DESKTOP-O2O867P" name="PracticeTest.FirstTestCase_Edge" tests="1" failures="0" timestamp="2021-07-18T21:58:06 IST" time="16.650" errors="0">
  <testcase name="FirstTest" time="16.650" classname="PracticeTest.FirstTestCase_Edge"/>
  <system-out/>
</testsuite> <!-- PracticeTest.FirstTestCase_Edge -->
