<?xml version="1.0" encoding="UTF-8"?>
<!-- Generated by org.testng.reporters.JUnitReportReporter -->
<testsuite skipped="0" hostname="DESKTOP-O2O867P" name="PracticeTest.FirstTestCase_Opera" tests="1" failures="0" timestamp="2021-07-18T21:59:37 IST" time="15.204" errors="0">
  <testcase name="FirstTest" time="15.204" classname="PracticeTest.FirstTestCase_Opera"/>
  <system-out/>
</testsuite> <!-- PracticeTest.FirstTestCase_Opera -->
