<?xml version="1.0" encoding="UTF-8"?>
<!-- Generated by org.testng.reporters.JUnitReportReporter -->
<testsuite skipped="0" hostname="DESKTOP-O2O867P" name="PracticeTest.FirstTestCase_Chrome" tests="1" failures="0" timestamp="2021-07-18T21:51:14 IST" time="6.904" errors="0">
  <testcase name="FirstTest" time="6.904" classname="PracticeTest.FirstTestCase_Chrome"/>
  <system-out/>
</testsuite> <!-- PracticeTest.FirstTestCase_Chrome -->
