<?xml version="1.0" encoding="UTF-8"?>
<!-- Generated by org.testng.reporters.JUnitReportReporter -->
<testsuite skipped="0" hostname="DESKTOP-O2O867P" name="PracticeTest.FirstTestCase_InternetExplorer" tests="1" failures="0" timestamp="2021-07-18T21:56:24 IST" time="11.164" errors="0">
  <testcase name="FirstTest" time="11.164" classname="PracticeTest.FirstTestCase_InternetExplorer"/>
  <system-out/>
</testsuite> <!-- PracticeTest.FirstTestCase_InternetExplorer -->
