<?xml version="1.0" encoding="UTF-8"?>
<!-- Generated by org.testng.reporters.JUnitReportReporter -->
<testsuite skipped="0" hostname="DESKTOP-O2O867P" name="PracticeTest.FirstTestCase_Firefox" tests="1" failures="0" timestamp="2021-07-18T21:54:07 IST" time="18.263" errors="0">
  <testcase name="FirstTest" time="18.263" classname="PracticeTest.FirstTestCase_Firefox"/>
  <system-out/>
</testsuite> <!-- PracticeTest.FirstTestCase_Firefox -->
