<?xml version="1.0" encoding="UTF-8"?>
<!-- Generated by org.testng.reporters.JUnitReportReporter -->
<testsuite skipped="0" hostname="DESKTOP-O2O867P" name="com.SampleRaghav.TestHelloWorld" tests="1" failures="0" timestamp="2021-07-18T13:31:52 IST" time="0.018" errors="0">
  <testcase name="testHelloWorld" time="0.018" classname="com.SampleRaghav.TestHelloWorld"/>
  <system-out/>
</testsuite> <!-- com.SampleRaghav.TestHelloWorld -->
