<?xml version="1.0" encoding="UTF-8"?>
<!-- Generated by org.testng.reporters.JUnitReportReporter -->
<testsuite skipped="0" hostname="DESKTOP-O2O867P" name="PracticeTest.FirstTestCase" tests="1" failures="0" timestamp="2021-07-18T21:32:03 IST" time="12.817" errors="0">
  <testcase name="FirstTest" time="12.817" classname="PracticeTest.FirstTestCase"/>
  <system-out/>
</testsuite> <!-- PracticeTest.FirstTestCase -->
