<?xml version="1.0" encoding="UTF-8"?>
<!-- Generated by org.testng.reporters.JUnitReportReporter -->
<testsuite skipped="0" hostname="DESKTOP-O2O867P" name="com.SampleRaghav.TestHelloWorld" tests="1" failures="0" timestamp="2021-07-18T17:11:42 IST" time="0.016" errors="0">
  <testcase name="testHelloWorld" time="0.016" classname="com.SampleRaghav.TestHelloWorld"/>
  <system-out/>
</testsuite> <!-- com.SampleRaghav.TestHelloWorld -->
